{
  "stats": {
    "suites": 1,
    "tests": 8,
    "passes": 8,
    "pending": 0,
    "failures": 0,
    "start": "2025-03-13T14:38:13.781Z",
    "end": "2025-03-13T14:38:16.948Z",
    "duration": 3167,
    "testsRegistered": 8,
    "passPercent": 100,
    "pendingPercent": 0,
    "other": 0,
    "hasOther": false,
    "skipped": 0,
    "hasSkipped": false
  },
  "results": [
    {
      "uuid": "aa1eec07-3a00-4b00-b46c-9fc6c199712c",
      "title": "",
      "fullFile": "cypress\\e2e\\myFirstTest(Home Page).cy.js",
      "file": "cypress\\e2e\\myFirstTest(Home Page).cy.js",
      "beforeHooks": [],
      "afterHooks": [],
      "tests": [],
      "suites": [
        {
          "uuid": "1b6da6cd-63be-4e2c-b8d8-554ceb640721",
          "title": "Home Page Test",
          "fullFile": "",
          "file": "",
          "beforeHooks": [],
          "afterHooks": [],
          "tests": [
            {
              "title": "Visits the homepage and checks the title",
              "fullTitle": "Home Page Test Visits the homepage and checks the title",
              "timedOut": null,
              "duration": 497,
              "state": "passed",
              "speed": "fast",
              "pass": true,
              "fail": false,
              "pending": false,
              "context": null,
              "code": "cy.visit('http://localhost:5173'); // Update with the actual URL of your app if different\ncy.title().should('include', 'Vite + React'); // Update with the actual title you want to check",
              "err": {},
              "uuid": "be6d627c-5a7c-4605-85af-f3fbfbbd7354",
              "parentUUID": "1b6da6cd-63be-4e2c-b8d8-554ceb640721",
              "isHook": false,
              "skipped": false
            },
            {
              "title": "Navigates to Login page when Login button is clicked",
              "fullTitle": "Home Page Test Navigates to Login page when Login button is clicked",
              "timedOut": null,
              "duration": 275,
              "state": "passed",
              "speed": "fast",
              "pass": true,
              "fail": false,
              "pending": false,
              "context": null,
              "code": "cy.visit('http://localhost:5173'); // Visit the homepage\ncy.get('button.login-btn').click(); // Click on the Login button\ncy.url().should('include', '/login'); // Assert that the URL contains '/login'",
              "err": {},
              "uuid": "85548574-7882-4446-ad2a-5e87cee43cb8",
              "parentUUID": "1b6da6cd-63be-4e2c-b8d8-554ceb640721",
              "isHook": false,
              "skipped": false
            },
            {
              "title": "Displays room information correctly",
              "fullTitle": "Home Page Test Displays room information correctly",
              "timedOut": null,
              "duration": 185,
              "state": "passed",
              "speed": "fast",
              "pass": true,
              "fail": false,
              "pending": false,
              "context": null,
              "code": "cy.visit('http://localhost:5173'); // Visit the homepage\ncy.contains('Standard Room - $100/night').should('be.visible'); // Check if room details are visible\ncy.contains('Deluxe Room - $150/night').should('be.visible');\ncy.contains('Luxury Room - $200/night').should('be.visible');",
              "err": {},
              "uuid": "84a62e13-6fc8-48a9-9e4f-c9565f1fb4a9",
              "parentUUID": "1b6da6cd-63be-4e2c-b8d8-554ceb640721",
              "isHook": false,
              "skipped": false
            },
            {
              "title": "Contains correct \"About Us\" section",
              "fullTitle": "Home Page Test Contains correct \"About Us\" section",
              "timedOut": null,
              "duration": 194,
              "state": "passed",
              "speed": "fast",
              "pass": true,
              "fail": false,
              "pending": false,
              "context": null,
              "code": "cy.visit('http://localhost:5173');\ncy.contains('About Us').should('be.visible'); // Check if the About Us section exists\ncy.contains('Welcome to our prestigious hotel').should('be.visible'); // Verify the About Us content",
              "err": {},
              "uuid": "872072e7-faba-4050-b792-5b09b613e9b2",
              "parentUUID": "1b6da6cd-63be-4e2c-b8d8-554ceb640721",
              "isHook": false,
              "skipped": false
            },
            {
              "title": "Contains correct \"Contact Us\" section",
              "fullTitle": "Home Page Test Contains correct \"Contact Us\" section",
              "timedOut": null,
              "duration": 175,
              "state": "passed",
              "speed": "fast",
              "pass": true,
              "fail": false,
              "pending": false,
              "context": null,
              "code": "cy.visit('http://localhost:5173');\ncy.contains('Contact Us').should('be.visible');\ncy.contains('info@hotelmanagement.com').should('be.visible');\ncy.contains('Phone: +1 234 567 890').should('be.visible');",
              "err": {},
              "uuid": "917823c3-2497-4afb-9f6b-b18edd98287d",
              "parentUUID": "1b6da6cd-63be-4e2c-b8d8-554ceb640721",
              "isHook": false,
              "skipped": false
            },
            {
              "title": "Navigation links should scroll to correct sections",
              "fullTitle": "Home Page Test Navigation links should scroll to correct sections",
              "timedOut": null,
              "duration": 374,
              "state": "passed",
              "speed": "fast",
              "pass": true,
              "fail": false,
              "pending": false,
              "context": null,
              "code": "cy.visit('http://localhost:5173'); // Ensure you start from the homepage\n// Click \"About\" and check if the section is visible\ncy.get('a[href=\"#about\"]').click();\ncy.get('#about').should('be.visible'); // Ensure \"About\" section is in view\n// Click \"Contact Us\" and check if the section is visible\ncy.get('a[href=\"#contact\"]').click();\ncy.get('#contact').should('be.visible'); // Ensure \"Contact Us\" section is in view",
              "err": {},
              "uuid": "ea563884-0423-4234-99b3-4a12a9d0c248",
              "parentUUID": "1b6da6cd-63be-4e2c-b8d8-554ceb640721",
              "isHook": false,
              "skipped": false
            },
            {
              "title": "Should display room images correctly",
              "fullTitle": "Home Page Test Should display room images correctly",
              "timedOut": null,
              "duration": 197,
              "state": "passed",
              "speed": "fast",
              "pass": true,
              "fail": false,
              "pending": false,
              "context": null,
              "code": "cy.visit('http://localhost:5173');\n// Wait for the room gallery to be visible\ncy.get('.room-gallery', {\n  timeout: 6000\n}).should('be.visible');\n// Check if at least one image exists in the gallery\ncy.get('.room-gallery img').should('have.length.at.least', 1);",
              "err": {},
              "uuid": "7fff57f8-6b67-4da0-b25b-ebc79021ef7c",
              "parentUUID": "1b6da6cd-63be-4e2c-b8d8-554ceb640721",
              "isHook": false,
              "skipped": false
            },
            {
              "title": "Footer should contain correct text",
              "fullTitle": "Home Page Test Footer should contain correct text",
              "timedOut": null,
              "duration": 183,
              "state": "passed",
              "speed": "fast",
              "pass": true,
              "fail": false,
              "pending": false,
              "context": null,
              "code": "cy.visit('http://localhost:5173');\n// Wait for the footer to load\ncy.get('.footer', {\n  timeout: 6000\n}).should('be.visible');\n// Check the footer text\ncy.get('.footer').should('contain.text', '© 2025 Hotel Management. All rights reserved.');",
              "err": {},
              "uuid": "942c421e-6bf3-4227-aa8a-588c5e3a10b4",
              "parentUUID": "1b6da6cd-63be-4e2c-b8d8-554ceb640721",
              "isHook": false,
              "skipped": false
            }
          ],
          "suites": [],
          "passes": [
            "be6d627c-5a7c-4605-85af-f3fbfbbd7354",
            "85548574-7882-4446-ad2a-5e87cee43cb8",
            "84a62e13-6fc8-48a9-9e4f-c9565f1fb4a9",
            "872072e7-faba-4050-b792-5b09b613e9b2",
            "917823c3-2497-4afb-9f6b-b18edd98287d",
            "ea563884-0423-4234-99b3-4a12a9d0c248",
            "7fff57f8-6b67-4da0-b25b-ebc79021ef7c",
            "942c421e-6bf3-4227-aa8a-588c5e3a10b4"
          ],
          "failures": [],
          "pending": [],
          "skipped": [],
          "duration": 2080,
          "root": false,
          "rootEmpty": false,
          "_timeout": 2000
        }
      ],
      "passes": [],
      "failures": [],
      "pending": [],
      "skipped": [],
      "duration": 0,
      "root": true,
      "rootEmpty": true,
      "_timeout": 2000
    }
  ],
  "meta": {
    "mocha": {
      "version": "7.0.1"
    },
    "mochawesome": {
      "options": {
        "quiet": false,
        "reportFilename": "mochawesome",
        "saveHtml": true,
        "saveJson": true,
        "consoleReporter": "spec",
        "useInlineDiffs": false,
        "code": true
      },
      "version": "7.1.3"
    },
    "marge": {
      "options": {
        "reportDir": "cypress/results",
        "overwrite": true,
        "html": true,
        "json": true
      },
      "version": "6.2.0"
    }
  }
}